# JRE version: Java(TM) SE Runtime Environment (8.0_131-b11) (build 1.8.0_131-b11)
# Java VM: Java HotSpot(TM) Client VM (25.131-b11 mixed mode windows-x86 )
Heap:
 def new generation   total 8128K, used 144K [0x03e00000, 0x046d0000, 0x0e8a0000)
  eden space 7232K,   1% used [0x03e00000, 0x03e241b0, 0x04510000)
  from space 896K,   0% used [0x045f0000, 0x045f0000, 0x046d0000)
  to   space 896K,   0% used [0x04510000, 0x04510000, 0x045f0000)
 tenured generation   total 30124K, used 14590K [0x0e8a0000, 0x1060b000, 0x23e00000)
   the space 30124K,  48% used [0x0e8a0000, 0x0f6dfaf8, 0x0f6dfc00, 0x1060b000)
 Metaspace       used 24293K, capacity 24681K, committed 24960K, reserved 27008K
GC Heap History (10 events):
Event: 6.052 GC heap before
{Heap before GC invocations=65 (full 2):
 def new generation   total 8128K, used 7986K [0x03e00000, 0x046d0000, 0x0e8a0000)
  eden space 7232K, 100% used [0x03e00000, 0x04510000, 0x04510000)
  from space 896K,  84% used [0x045f0000, 0x046ac8e0, 0x046d0000)
  to   space 896K,   0% used [0x04510000, 0x04510000, 0x045f0000)
 tenured generation   total 17956K, used 17770K [0x0e8a0000, 0x0fa29000, 0x23e00000)
   the space 17956K,  98% used [0x0e8a0000, 0x0f9faad0, 0x0f9fac00, 0x0fa29000)
 Metaspace       used 21940K, capacity 22377K, committed 22528K, reserved 22912K
Event: 6.144 GC heap after
Heap after GC invocations=66 (full 3):
 def new generation   total 8128K, used 0K [0x03e00000, 0x046d0000, 0x0e8a0000)
  eden space 7232K,   0% used [0x03e00000, 0x03e00000, 0x04510000)
  from space 896K,   0% used [0x04510000, 0x04510000, 0x045f0000)
  to   space 896K,   0% used [0x045f0000, 0x045f0000, 0x046d0000)
 tenured generation   total 30124K, used 18072K [0x0e8a0000, 0x1060b000, 0x23e00000)
   the space 30124K,  59% used [0x0e8a0000, 0x0fa461f0, 0x0fa46200, 0x1060b000)
 Metaspace       used 21940K, capacity 22377K, committed 22528K, reserved 22912K
}
Event: 6.325 GC heap before
{Heap before GC invocations=66 (full 3):
 def new generation   total 8128K, used 7232K [0x03e00000, 0x046d0000, 0x0e8a0000)
  eden space 7232K, 100% used [0x03e00000, 0x04510000, 0x04510000)
  from space 896K,   0% used [0x04510000, 0x04510000, 0x045f0000)
  to   space 896K,   0% used [0x045f0000, 0x045f0000, 0x046d0000)
 tenured generation   total 30124K, used 18072K [0x0e8a0000, 0x1060b000, 0x23e00000)
   the space 30124K,  59% used [0x0e8a0000, 0x0fa461f0, 0x0fa46200, 0x1060b000)
 Metaspace       used 23019K, capacity 23446K, committed 23552K, reserved 23936K
Event: 6.330 GC heap after
Heap after GC invocations=67 (full 3):
 def new generation   total 8128K, used 743K [0x03e00000, 0x046d0000, 0x0e8a0000)
  eden space 7232K,   0% used [0x03e00000, 0x03e00000, 0x04510000)
  from space 896K,  82% used [0x045f0000, 0x046a9dc8, 0x046d0000)
  to   space 896K,   0% used [0x04510000, 0x04510000, 0x045f0000)
 tenured generation   total 30124K, used 18072K [0x0e8a0000, 0x1060b000, 0x23e00000)
   the space 30124K,  59% used [0x0e8a0000, 0x0fa461f0, 0x0fa46200, 0x1060b000)
 Metaspace       used 23019K, capacity 23446K, committed 23552K, reserved 23936K
}
Event: 6.470 GC heap before
{Heap before GC invocations=67 (full 3):
 def new generation   total 8128K, used 4000K [0x03e00000, 0x046d0000, 0x0e8a0000)
  eden space 7232K,  45% used [0x03e00000, 0x0412e320, 0x04510000)
  from space 896K,  82% used [0x045f0000, 0x046a9dc8, 0x046d0000)
  to   space 896K,   0% used [0x04510000, 0x04510000, 0x045f0000)
 tenured generation   total 30124K, used 18072K [0x0e8a0000, 0x1060b000, 0x23e00000)
   the space 30124K,  59% used [0x0e8a0000, 0x0fa461f0, 0x0fa46200, 0x1060b000)
 Metaspace       used 24429K, capacity 24867K, committed 24960K, reserved 27008K
Event: 6.575 GC heap after
Heap after GC invocations=68 (full 4):
 def new generation   total 8128K, used 0K [0x03e00000, 0x046d0000, 0x0e8a0000)
  eden space 7232K,   0% used [0x03e00000, 0x03e00000, 0x04510000)
  from space 896K,   0% used [0x045f0000, 0x045f0000, 0x046d0000)
  to   space 896K,   0% used [0x04510000, 0x04510000, 0x045f0000)
 tenured generation   total 30124K, used 17281K [0x0e8a0000, 0x1060b000, 0x23e00000)
   the space 30124K,  57% used [0x0e8a0000, 0x0f9807d0, 0x0f980800, 0x1060b000)
 Metaspace       used 24429K, capacity 24867K, committed 24960K, reserved 25984K
}
Event: 6.576 GC heap before
{Heap before GC invocations=68 (full 4):
 def new generation   total 8128K, used 144K [0x03e00000, 0x046d0000, 0x0e8a0000)
  eden space 7232K,   2% used [0x03e00000, 0x03e242b8, 0x04510000)
  from space 896K,   0% used [0x045f0000, 0x045f0000, 0x046d0000)
  to   space 896K,   0% used [0x04510000, 0x04510000, 0x045f0000)
 tenured generation   total 30124K, used 17281K [0x0e8a0000, 0x1060b000, 0x23e00000)
   the space 30124K,  57% used [0x0e8a0000, 0x0f9807d0, 0x0f980800, 0x1060b000)
 Metaspace       used 24431K, capacity 24867K, committed 24960K, reserved 28032K
Event: 6.663 GC heap after
Heap after GC invocations=69 (full 5):
 def new generation   total 8128K, used 0K [0x03e00000, 0x046d0000, 0x0e8a0000)
  eden space 7232K,   0% used [0x03e00000, 0x03e00000, 0x04510000)
  from space 896K,   0% used [0x045f0000, 0x045f0000, 0x046d0000)
  to   space 896K,   0% used [0x04510000, 0x04510000, 0x045f0000)
 tenured generation   total 30124K, used 17283K [0x0e8a0000, 0x1060b000, 0x23e00000)
   the space 30124K,  57% used [0x0e8a0000, 0x0f980c80, 0x0f980e00, 0x1060b000)
 Metaspace       used 24431K, capacity 24867K, committed 24960K, reserved 25984K
}
Event: 6.663 GC heap before
{Heap before GC invocations=69 (full 5):
 def new generation   total 8128K, used 0K [0x03e00000, 0x046d0000, 0x0e8a0000)
  eden space 7232K,   0% used [0x03e00000, 0x03e00000, 0x04510000)
  from space 896K,   0% used [0x045f0000, 0x045f0000, 0x046d0000)
  to   space 896K,   0% used [0x04510000, 0x04510000, 0x045f0000)
 tenured generation   total 30124K, used 17283K [0x0e8a0000, 0x1060b000, 0x23e00000)
   the space 30124K,  57% used [0x0e8a0000, 0x0f980c80, 0x0f980e00, 0x1060b000)
 Metaspace       used 24431K, capacity 24867K, committed 24960K, reserved 28032K
Event: 6.747 GC heap after
Heap after GC invocations=70 (full 6):
 def new generation   total 8128K, used 0K [0x03e00000, 0x046d0000, 0x0e8a0000)
  eden space 7232K,   0% used [0x03e00000, 0x03e00000, 0x04510000)
  from space 896K,   0% used [0x045f0000, 0x045f0000, 0x046d0000)
  to   space 896K,   0% used [0x04510000, 0x04510000, 0x045f0000)
 tenured generation   total 30124K, used 14590K [0x0e8a0000, 0x1060b000, 0x23e00000)
   the space 30124K,  48% used [0x0e8a0000, 0x0f6dfaf8, 0x0f6dfc00, 0x1060b000)
 Metaspace       used 24291K, capacity 24681K, committed 24960K, reserved 25984K
}

