# JRE version: Java(TM) SE Runtime Environment (8.0_131-b11) (build 1.8.0_131-b11)
# Java VM: Java HotSpot(TM) Client VM (25.131-b11 mixed mode windows-x86 )
Heap:
 def new generation   total 12672K, used 5053K [0x03c00000, 0x049c0000, 0x0e6a0000)
  eden space 11264K,  36% used [0x03c00000, 0x03ff6d80, 0x04700000)
  from space 1408K,  70% used [0x04700000, 0x047f89e8, 0x04860000)
  to   space 1408K,   0% used [0x04860000, 0x04860000, 0x049c0000)
 tenured generation   total 28076K, used 17822K [0x0e6a0000, 0x1020b000, 0x23c00000)
   the space 28076K,  63% used [0x0e6a0000, 0x0f807ab0, 0x0f807c00, 0x1020b000)
 Metaspace       used 24804K, capacity 25251K, committed 25344K, reserved 25984K
GC Heap History (10 events):
Event: 7.459 GC heap before
{Heap before GC invocations=63 (full 2):
 def new generation   total 7808K, used 7808K [0x03c00000, 0x04470000, 0x0e6a0000)
  eden space 6976K, 100% used [0x03c00000, 0x042d0000, 0x042d0000)
  from space 832K, 100% used [0x043a0000, 0x04470000, 0x04470000)
  to   space 832K,   0% used [0x042d0000, 0x042d0000, 0x043a0000)
 tenured generation   total 17196K, used 14885K [0x0e6a0000, 0x0f76b000, 0x23c00000)
   the space 17196K,  86% used [0x0e6a0000, 0x0f5296f8, 0x0f529800, 0x0f76b000)
 Metaspace       used 21546K, capacity 21901K, committed 22016K, reserved 22912K
Event: 7.466 GC heap after
Heap after GC invocations=64 (full 2):
 def new generation   total 7808K, used 832K [0x03c00000, 0x04470000, 0x0e6a0000)
  eden space 6976K,   0% used [0x03c00000, 0x03c00000, 0x042d0000)
  from space 832K, 100% used [0x042d0000, 0x043a0000, 0x043a0000)
  to   space 832K,   0% used [0x043a0000, 0x043a0000, 0x04470000)
 tenured generation   total 17196K, used 16216K [0x0e6a0000, 0x0f76b000, 0x23c00000)
   the space 17196K,  94% used [0x0e6a0000, 0x0f676068, 0x0f676200, 0x0f76b000)
 Metaspace       used 21546K, capacity 21901K, committed 22016K, reserved 22912K
}
Event: 7.555 GC heap before
{Heap before GC invocations=64 (full 2):
 def new generation   total 7808K, used 7808K [0x03c00000, 0x04470000, 0x0e6a0000)
  eden space 6976K, 100% used [0x03c00000, 0x042d0000, 0x042d0000)
  from space 832K, 100% used [0x042d0000, 0x043a0000, 0x043a0000)
  to   space 832K,   0% used [0x043a0000, 0x043a0000, 0x04470000)
 tenured generation   total 17196K, used 16216K [0x0e6a0000, 0x0f76b000, 0x23c00000)
   the space 17196K,  94% used [0x0e6a0000, 0x0f676068, 0x0f676200, 0x0f76b000)
 Metaspace       used 21707K, capacity 22115K, committed 22272K, reserved 22912K
Event: 7.560 GC heap after
Heap after GC invocations=65 (full 2):
 def new generation   total 7808K, used 832K [0x03c00000, 0x04470000, 0x0e6a0000)
  eden space 6976K,   0% used [0x03c00000, 0x03c00000, 0x042d0000)
  from space 832K, 100% used [0x043a0000, 0x04470000, 0x04470000)
  to   space 832K,   0% used [0x042d0000, 0x042d0000, 0x043a0000)
 tenured generation   total 17196K, used 16759K [0x0e6a0000, 0x0f76b000, 0x23c00000)
   the space 17196K,  97% used [0x0e6a0000, 0x0f6fdfd8, 0x0f6fe000, 0x0f76b000)
 Metaspace       used 21707K, capacity 22115K, committed 22272K, reserved 22912K
}
Event: 7.610 GC heap before
{Heap before GC invocations=65 (full 2):
 def new generation   total 7808K, used 7808K [0x03c00000, 0x04470000, 0x0e6a0000)
  eden space 6976K, 100% used [0x03c00000, 0x042d0000, 0x042d0000)
  from space 832K, 100% used [0x043a0000, 0x04470000, 0x04470000)
  to   space 832K,   0% used [0x042d0000, 0x042d0000, 0x043a0000)
 tenured generation   total 17196K, used 16759K [0x0e6a0000, 0x0f76b000, 0x23c00000)
   the space 17196K,  97% used [0x0e6a0000, 0x0f6fdfd8, 0x0f6fe000, 0x0f76b000)
 Metaspace       used 21770K, capacity 22215K, committed 22400K, reserved 22912K
Event: 7.700 GC heap after
Heap after GC invocations=66 (full 3):
 def new generation   total 12672K, used 0K [0x03c00000, 0x049c0000, 0x0e6a0000)
  eden space 11264K,   0% used [0x03c00000, 0x03c00000, 0x04700000)
  from space 1408K,   0% used [0x04700000, 0x04700000, 0x04860000)
  to   space 1408K,   0% used [0x04860000, 0x04860000, 0x049c0000)
 tenured generation   total 28076K, used 16843K [0x0e6a0000, 0x1020b000, 0x23c00000)
   the space 28076K,  59% used [0x0e6a0000, 0x0f712f98, 0x0f713000, 0x1020b000)
 Metaspace       used 21770K, capacity 22215K, committed 22400K, reserved 22912K
}
Event: 7.789 GC heap before
{Heap before GC invocations=66 (full 3):
 def new generation   total 12672K, used 11264K [0x03c00000, 0x049c0000, 0x0e6a0000)
  eden space 11264K, 100% used [0x03c00000, 0x04700000, 0x04700000)
  from space 1408K,   0% used [0x04700000, 0x04700000, 0x04860000)
  to   space 1408K,   0% used [0x04860000, 0x04860000, 0x049c0000)
 tenured generation   total 28076K, used 16843K [0x0e6a0000, 0x1020b000, 0x23c00000)
   the space 28076K,  59% used [0x0e6a0000, 0x0f712f98, 0x0f713000, 0x1020b000)
 Metaspace       used 21843K, capacity 22281K, committed 22400K, reserved 22912K
Event: 7.794 GC heap after
Heap after GC invocations=67 (full 3):
 def new generation   total 12672K, used 1066K [0x03c00000, 0x049c0000, 0x0e6a0000)
  eden space 11264K,   0% used [0x03c00000, 0x03c00000, 0x04700000)
  from space 1408K,  75% used [0x04860000, 0x0496a838, 0x049c0000)
  to   space 1408K,   0% used [0x04700000, 0x04700000, 0x04860000)
 tenured generation   total 28076K, used 16843K [0x0e6a0000, 0x1020b000, 0x23c00000)
   the space 28076K,  59% used [0x0e6a0000, 0x0f712f98, 0x0f713000, 0x1020b000)
 Metaspace       used 21843K, capacity 22281K, committed 22400K, reserved 22912K
}
Event: 8.058 GC heap before
{Heap before GC invocations=67 (full 3):
 def new generation   total 12672K, used 12330K [0x03c00000, 0x049c0000, 0x0e6a0000)
  eden space 11264K, 100% used [0x03c00000, 0x04700000, 0x04700000)
  from space 1408K,  75% used [0x04860000, 0x0496a838, 0x049c0000)
  to   space 1408K,   0% used [0x04700000, 0x04700000, 0x04860000)
 tenured generation   total 28076K, used 16843K [0x0e6a0000, 0x1020b000, 0x23c00000)
   the space 28076K,  59% used [0x0e6a0000, 0x0f712f98, 0x0f713000, 0x1020b000)
 Metaspace       used 23022K, capacity 23446K, committed 23552K, reserved 23936K
Event: 8.067 GC heap after
Heap after GC invocations=68 (full 3):
 def new generation   total 12672K, used 994K [0x03c00000, 0x049c0000, 0x0e6a0000)
  eden space 11264K,   0% used [0x03c00000, 0x03c00000, 0x04700000)
  from space 1408K,  70% used [0x04700000, 0x047f89e8, 0x04860000)
  to   space 1408K,   0% used [0x04860000, 0x04860000, 0x049c0000)
 tenured generation   total 28076K, used 17822K [0x0e6a0000, 0x1020b000, 0x23c00000)
   the space 28076K,  63% used [0x0e6a0000, 0x0f807ab0, 0x0f807c00, 0x1020b000)
 Metaspace       used 23022K, capacity 23446K, committed 23552K, reserved 23936K
}

